<?xml version="1.0" encoding="UTF-8"?>
<testsuite xmlns:xsi="http://www.w3.org/2001/XMLSchema-instance" xsi:noNamespaceSchemaLocation="https://maven.apache.org/surefire/maven-surefire-plugin/xsd/surefire-test-report-3.0.xsd" version="3.0" name="com.example.garagem.GaragemApplicationTests" time="5.448" tests="1" errors="0" skipped="0" failures="0">
  <properties>
[...]
</properties>
  <testcase name="contextLoads" classname="com.example.garagem.GaragemApplicationTests" time="0.51">
    <system-out><![CDATA[22:19:12.944 [main] INFO org.springframework.test.context.support.AnnotationConfigContextLoaderUtils -- Could not detect default configuration classes for test class [com.example.garagem.GaragemApplicationTests]: GaragemApplicationTests does not declare any static, non-private, non-final, nested classes annotated with @Configuration.
22:19:13.045 [main] INFO org.springframework.boot.test.context.SpringBootTestContextBootstrapper -- Found @SpringBootConfiguration com.example.garagem.GaragemApplication for test class com.example.garagem.GaragemApplicationTests
22:19:13.181 [main] INFO org.springframework.boot.devtools.restart.RestartApplicationListener -- Restart disabled due to context in which it is running

  .   ____          _            __ _ _
 /\\ / ___'_ __ _ _(_)_ __  __ _ \ \ \ \
( ( )\___ | '_ | '_| | '_ \/ _` | \ \ \ \
 \\/  ___)| |_)| | | | | || (_| |  ) ) ) )
  '  |____| .__|_| |_|_| |_\__, | / / / /
 =========|_|==============|___/=/_/_/_/
 :: Spring Boot ::                (v3.1.5)

2023-11-08T22:19:13.394-04:00  INFO 74912 --- [           main] c.e.garagem.GaragemApplicationTests      : Starting GaragemApplicationTests using Java 18.0.2.1 with PID 74912 (started by fshinkae in /Users/fshinkae/Desktop/Development/Github/Projeto/Garagem/garagem)
2023-11-08T22:19:13.395-04:00  INFO 74912 --- [           main] c.e.garagem.GaragemApplicationTests      : No active profile set, falling back to 1 default profile: "default"
2023-11-08T22:19:14.049-04:00  INFO 74912 --- [           main] .s.d.r.c.RepositoryConfigurationDelegate : Bootstrapping Spring Data JPA repositories in DEFAULT mode.
2023-11-08T22:19:14.107-04:00  INFO 74912 --- [           main] .s.d.r.c.RepositoryConfigurationDelegate : Finished Spring Data repository scanning in 51 ms. Found 3 JPA repository interfaces.
2023-11-08T22:19:14.603-04:00  INFO 74912 --- [           main] o.hibernate.jpa.internal.util.LogHelper  : HHH000204: Processing PersistenceUnitInfo [name: default]
2023-11-08T22:19:14.641-04:00  INFO 74912 --- [           main] org.hibernate.Version                    : HHH000412: Hibernate ORM core version 6.1.7.Final
2023-11-08T22:19:14.865-04:00  INFO 74912 --- [           main] com.zaxxer.hikari.HikariDataSource       : HikariPool-1 - Starting...
2023-11-08T22:19:15.293-04:00  INFO 74912 --- [           main] com.zaxxer.hikari.pool.HikariPool        : HikariPool-1 - Added connection com.mysql.cj.jdbc.ConnectionImpl@76dc36e5
2023-11-08T22:19:15.296-04:00  INFO 74912 --- [           main] com.zaxxer.hikari.HikariDataSource       : HikariPool-1 - Start completed.
2023-11-08T22:19:15.339-04:00  INFO 74912 --- [           main] SQL dialect                              : HHH000400: Using dialect: org.hibernate.dialect.MySQLDialect
2023-11-08T22:19:16.093-04:00  INFO 74912 --- [           main] o.h.e.t.j.p.i.JtaPlatformInitiator       : HHH000490: Using JtaPlatform implementation: [org.hibernate.engine.transaction.jta.platform.internal.NoJtaPlatform]
2023-11-08T22:19:16.100-04:00  INFO 74912 --- [           main] j.LocalContainerEntityManagerFactoryBean : Initialized JPA EntityManagerFactory for persistence unit 'default'
2023-11-08T22:19:16.687-04:00  WARN 74912 --- [           main] JpaBaseConfiguration$JpaWebConfiguration : spring.jpa.open-in-view is enabled by default. Therefore, database queries may be performed during view rendering. Explicitly configure spring.jpa.open-in-view to disable this warning
2023-11-08T22:19:16.844-04:00 DEBUG 74912 --- [           main] edFilterInvocationSecurityMetadataSource : Adding web access control expression [permitAll] for org.springframework.boot.autoconfigure.security.servlet.StaticResourceRequest$StaticResourceRequestMatcher@6079d219
2023-11-08T22:19:16.856-04:00 DEBUG 74912 --- [           main] edFilterInvocationSecurityMetadataSource : Adding web access control expression [permitAll] for Ant [pattern='/swagger-ui.html']
2023-11-08T22:19:16.857-04:00 DEBUG 74912 --- [           main] edFilterInvocationSecurityMetadataSource : Adding web access control expression [permitAll] for Ant [pattern='/webjars/**']
2023-11-08T22:19:16.857-04:00 DEBUG 74912 --- [           main] edFilterInvocationSecurityMetadataSource : Adding web access control expression [permitAll] for Ant [pattern='/swagger-resources/**']
2023-11-08T22:19:16.857-04:00 DEBUG 74912 --- [           main] edFilterInvocationSecurityMetadataSource : Adding web access control expression [permitAll] for Ant [pattern='/v2/api-docs']
2023-11-08T22:19:16.857-04:00 DEBUG 74912 --- [           main] edFilterInvocationSecurityMetadataSource : Adding web access control expression [permitAll] for Ant [pattern='/api/auth/**']
2023-11-08T22:19:16.857-04:00 DEBUG 74912 --- [           main] edFilterInvocationSecurityMetadataSource : Adding web access control expression [hasRole('ROLE_SELLER')] for Ant [pattern='/api/vehicles/add']
2023-11-08T22:19:16.865-04:00  INFO 74912 --- [           main] o.s.s.web.DefaultSecurityFilterChain     : Will secure any request with [org.springframework.security.web.session.DisableEncodeUrlFilter@449f9628, org.springframework.security.web.context.request.async.WebAsyncManagerIntegrationFilter@37806ccb, org.springframework.security.web.context.SecurityContextHolderFilter@490f2fad, org.springframework.security.web.header.HeaderWriterFilter@4e773b8a, org.springframework.security.web.csrf.CsrfFilter@4a5eb613, org.springframework.security.web.authentication.logout.LogoutFilter@4e9d1119, com.example.garagem.util.JwtAuthenticationFilter@b332eda, org.springframework.security.web.savedrequest.RequestCacheAwareFilter@e9947af, org.springframework.security.web.servletapi.SecurityContextHolderAwareRequestFilter@d60aa4, org.springframework.security.web.authentication.AnonymousAuthenticationFilter@606d2a92, org.springframework.security.web.access.ExceptionTranslationFilter@85104d6, org.springframework.security.web.access.intercept.FilterSecurityInterceptor@1ddc5857]
2023-11-08T22:19:17.610-04:00  INFO 74912 --- [           main] c.e.garagem.GaragemApplicationTests      : Started GaragemApplicationTests in 4.439 seconds (process running for 5.323)
]]></system-out>
  </testcase>
</testsuite>